<?xml version="1.0" encoding="UTF-8"?>
<!-- Generated by org.testng.reporters.JUnitXMLReporter -->
<testsuite ignored="0" hostname="DESKTOP-VRBAL0D" failures="0" tests="6" name="Default test" time="0.785" errors="0" timestamp="2023-04-13T12:41:01 IST">
  <testcase classname="testcases.DataProviderDemo" name="login" time="0.005"/>
  <testcase classname="testcases.DataProviderDemo" name="login" time="0.001"/>
  <testcase classname="testcases.DataProviderDemo" name="login" time="0.001"/>
  <testcase classname="testcases.DataProviderDemo" name="validateLoginDataUsingExcel" time="0.003"/>
  <testcase classname="testcases.DataProviderDemo" name="validateLoginDataUsingExcel" time="0.001"/>
  <testcase classname="testcases.DataProviderDemo" name="validateLoginDataUsingExcel" time="0.003"/>
</testsuite> <!-- Default test -->
